#
# There is insufficient memory for the Java Runtime Environment to continue.
# Native memory allocation (malloc) failed to allocate 968368 bytes. Error detail: Chunk::new
# Possible reasons:
#   The system is out of physical RAM or swap space
#   This process is running with CompressedOops enabled, and the Java Heap may be blocking the growth of the native heap
# Possible solutions:
#   Reduce memory load on the system
#   Increase physical memory or swap space
#   Check if swap backing store is full
#   Decrease Java heap size (-Xmx/-Xms)
#   Decrease number of Java threads
#   Decrease Java thread stack sizes (-Xss)
#   Set larger code cache with -XX:ReservedCodeCacheSize=
#   JVM is running with Unscaled Compressed Oops mode in which the Java heap is
#     placed in the first 4GB address space. The Java Heap base address is the
#     maximum limit for the native heap growth. Please use -XX:HeapBaseMinAddress
#     to set the Java Heap base and to place the Java Heap above 4GB virtual address.
# This output file may be truncated or incomplete.
#
#  Out of Memory Error (arena.cpp:168), pid=17768, tid=18708
#
# JRE version: OpenJDK Runtime Environment (21.0.8) (build 21.0.8+-14196175-b1038.72)
# Java VM: OpenJDK 64-Bit Server VM (21.0.8+-14196175-b1038.72, mixed mode, tiered, compressed oops, compressed class ptrs, g1 gc, windows-amd64)
# No core dump will be written. Minidumps are not enabled by default on client versions of Windows
#

---------------  S U M M A R Y ------------

Command Line: --add-opens=java.base/java.lang=ALL-UNNAMED --add-opens=java.base/java.lang.invoke=ALL-UNNAMED --add-opens=java.base/java.util=ALL-UNNAMED --add-opens=java.prefs/java.util.prefs=ALL-UNNAMED --add-exports=jdk.compiler/com.sun.tools.javac.api=ALL-UNNAMED --add-exports=jdk.compiler/com.sun.tools.javac.util=ALL-UNNAMED --add-opens=java.base/java.util=ALL-UNNAMED --add-opens=java.prefs/java.util.prefs=ALL-UNNAMED --add-opens=java.base/java.nio.charset=ALL-UNNAMED --add-opens=java.base/java.net=ALL-UNNAMED --add-opens=java.base/java.util.concurrent.atomic=ALL-UNNAMED --add-opens=java.xml/javax.xml.namespace=ALL-UNNAMED -Xmx2048m -Dfile.encoding=UTF-8 -Duser.country=IN -Duser.language=en -Duser.variant -javaagent:C:\Users\sayan\.gradle\wrapper\dists\gradle-8.13-bin\5xuhj0ry160q40clulazy9h7d\gradle-8.13\lib\agents\gradle-instrumentation-agent-8.13.jar org.gradle.launcher.daemon.bootstrap.GradleDaemon 8.13

Host: AMD Ryzen 5 7530U with Radeon Graphics         , 12 cores, 23G,  Windows 11 , 64 bit Build 26100 (10.0.26100.7705)
Time: Thu Mar  5 14:31:07 2026 India Standard Time elapsed time: 10.260666 seconds (0d 0h 0m 10s)

---------------  T H R E A D  ---------------

Current thread (0x00000111fe48d920):  JavaThread "C2 CompilerThread1" daemon [_thread_in_native, id=18708, stack(0x0000000b98400000,0x0000000b98500000) (1024K)]


Current CompileTask:
C2:10260 4394       4       java.lang.ClassLoader::defineClass (43 bytes)

Stack: [0x0000000b98400000,0x0000000b98500000]
Native frames: (J=compiled Java code, j=interpreted, Vv=VM code, C=native code)
V  [jvm.dll+0x6d68d9]
V  [jvm.dll+0x866693]
V  [jvm.dll+0x868c4e]
V  [jvm.dll+0x869333]
V  [jvm.dll+0x280566]
V  [jvm.dll+0xc07cd]
V  [jvm.dll+0xc0d03]
V  [jvm.dll+0x3b961b]
V  [jvm.dll+0x385507]
V  [jvm.dll+0x38497a]
V  [jvm.dll+0x249252]
V  [jvm.dll+0x248821]
V  [jvm.dll+0x1c73a4]
V  [jvm.dll+0x257f9e]
V  [jvm.dll+0x2564e6]
V  [jvm.dll+0x3f4696]
V  [jvm.dll+0x80eac8]
V  [jvm.dll+0x6d512d]
C  [ucrtbase.dll+0x37b0]
C  [KERNEL32.DLL+0x2e8d7]
C  [ntdll.dll+0x8c40c]


---------------  P R O C E S S  ---------------

Threads class SMR info:
_java_thread_list=0x00000111fb6704f0, length=34, elements={
0x00000111dc495f20, 0x00000111f64c3360, 0x00000111f64c5450, 0x00000111f64c5eb0,
0x00000111f64f04d0, 0x00000111f64f0f30, 0x00000111f64f1990, 0x00000111f64fa400,
0x00000111f64fc2d0, 0x00000111f64d9120, 0x00000111fb08ae80, 0x00000111fca302e0,
0x00000111fca077a0, 0x00000111fc9f8f90, 0x00000111fca9d330, 0x00000111fcc5cf40,
0x00000111fcaff760, 0x00000111fcaf1e90, 0x00000111fcb8e3a0, 0x00000111fcb8ea30,
0x00000111fcb8f0c0, 0x00000111fcb8f750, 0x00000111fcb8fde0, 0x00000111fcb8cff0,
0x00000111fe48d920, 0x00000111fcb8c960, 0x00000111fcb8dd10, 0x00000111fdefa680,
0x00000111fdef7890, 0x00000111fdef8c40, 0x00000111fdef92d0, 0x00000111fdef85b0,
0x00000111fdef9ff0, 0x00000111fdef7f20
}

Java Threads: ( => current thread )
  0x00000111dc495f20 JavaThread "main"                              [_thread_blocked, id=13768, stack(0x0000000b95a00000,0x0000000b95b00000) (1024K)]
  0x00000111f64c3360 JavaThread "Common-Cleaner"             daemon [_thread_blocked, id=31108, stack(0x0000000b96200000,0x0000000b96300000) (1024K)]
  0x00000111f64c5450 JavaThread "Reference Handler"          daemon [_thread_blocked, id=6944, stack(0x0000000b96300000,0x0000000b96400000) (1024K)]
  0x00000111f64c5eb0 JavaThread "Finalizer"                  daemon [_thread_blocked, id=27268, stack(0x0000000b96400000,0x0000000b96500000) (1024K)]
  0x00000111f64f04d0 JavaThread "Signal Dispatcher"          daemon [_thread_blocked, id=14836, stack(0x0000000b96500000,0x0000000b96600000) (1024K)]
  0x00000111f64f0f30 JavaThread "Attach Listener"            daemon [_thread_blocked, id=29732, stack(0x0000000b96600000,0x0000000b96700000) (1024K)]
  0x00000111f64f1990 JavaThread "Service Thread"             daemon [_thread_blocked, id=7188, stack(0x0000000b96700000,0x0000000b96800000) (1024K)]
  0x00000111f64fa400 JavaThread "Monitor Deflation Thread"   daemon [_thread_blocked, id=31416, stack(0x0000000b96800000,0x0000000b96900000) (1024K)]
  0x00000111f64fc2d0 JavaThread "C2 CompilerThread0"         daemon [_thread_in_native, id=21008, stack(0x0000000b96900000,0x0000000b96a00000) (1024K)]
  0x00000111f64d9120 JavaThread "C1 CompilerThread0"         daemon [_thread_blocked, id=29700, stack(0x0000000b96a00000,0x0000000b96b00000) (1024K)]
  0x00000111fb08ae80 JavaThread "Notification Thread"        daemon [_thread_blocked, id=16628, stack(0x0000000b96b00000,0x0000000b96c00000) (1024K)]
  0x00000111fca302e0 JavaThread "Daemon health stats"               [_thread_blocked, id=8100, stack(0x0000000b96c00000,0x0000000b96d00000) (1024K)]
  0x00000111fca077a0 JavaThread "Incoming local TCP Connector on port 60583"        [_thread_in_native, id=16108, stack(0x0000000b96d00000,0x0000000b96e00000) (1024K)]
  0x00000111fc9f8f90 JavaThread "Daemon periodic checks"            [_thread_blocked, id=29536, stack(0x0000000b97500000,0x0000000b97600000) (1024K)]
  0x00000111fca9d330 JavaThread "Daemon"                            [_thread_blocked, id=3880, stack(0x0000000b97700000,0x0000000b97800000) (1024K)]
  0x00000111fcc5cf40 JavaThread "Handler for socket connection from /127.0.0.1:60583 to /127.0.0.1:60584"        [_thread_in_native, id=20464, stack(0x0000000b97800000,0x0000000b97900000) (1024K)]
  0x00000111fcaff760 JavaThread "Cancel handler"                    [_thread_blocked, id=20772, stack(0x0000000b97900000,0x0000000b97a00000) (1024K)]
  0x00000111fcaf1e90 JavaThread "Daemon worker"                     [_thread_in_Java, id=16920, stack(0x0000000b97a00000,0x0000000b97b00000) (1024K)]
  0x00000111fcb8e3a0 JavaThread "Asynchronous log dispatcher for DefaultDaemonConnection: socket connection from /127.0.0.1:60583 to /127.0.0.1:60584"        [_thread_blocked, id=19464, stack(0x0000000b97b00000,0x0000000b97c00000) (1024K)]
  0x00000111fcb8ea30 JavaThread "Stdin handler"                     [_thread_blocked, id=10788, stack(0x0000000b97c00000,0x0000000b97d00000) (1024K)]
  0x00000111fcb8f0c0 JavaThread "Daemon client event forwarder"        [_thread_blocked, id=26328, stack(0x0000000b97d00000,0x0000000b97e00000) (1024K)]
  0x00000111fcb8f750 JavaThread "Cache worker for journal cache (C:\Users\sayan\.gradle\caches\journal-1)"        [_thread_blocked, id=8772, stack(0x0000000b97600000,0x0000000b97700000) (1024K)]
  0x00000111fcb8fde0 JavaThread "File lock request listener"        [_thread_in_native, id=28592, stack(0x0000000b98200000,0x0000000b98300000) (1024K)]
  0x00000111fcb8cff0 JavaThread "Cache worker for file hash cache (C:\Users\sayan\.gradle\caches\8.13\fileHashes)"        [_thread_blocked, id=10684, stack(0x0000000b98300000,0x0000000b98400000) (1024K)]
=>0x00000111fe48d920 JavaThread "C2 CompilerThread1"         daemon [_thread_in_native, id=18708, stack(0x0000000b98400000,0x0000000b98500000) (1024K)]
  0x00000111fcb8c960 JavaThread "Cache worker for file hash cache (C:\Users\sayan\AndroidStudioProjects\GoQuiz\.gradle\8.13\fileHashes)"        [_thread_blocked, id=18388, stack(0x0000000b98600000,0x0000000b98700000) (1024K)]
  0x00000111fcb8dd10 JavaThread "Cache worker for Build Output Cleanup Cache (C:\Users\sayan\AndroidStudioProjects\GoQuiz\.gradle\buildOutputCleanup)"        [_thread_blocked, id=26284, stack(0x0000000b98700000,0x0000000b98800000) (1024K)]
  0x00000111fdefa680 JavaThread "File watcher server"        daemon [_thread_in_native, id=26632, stack(0x0000000b98800000,0x0000000b98900000) (1024K)]
  0x00000111fdef7890 JavaThread "File watcher consumer"      daemon [_thread_blocked, id=30676, stack(0x0000000b98900000,0x0000000b98a00000) (1024K)]
  0x00000111fdef8c40 JavaThread "jar transforms"                    [_thread_blocked, id=7172, stack(0x0000000b98500000,0x0000000b98600000) (1024K)]
  0x00000111fdef92d0 JavaThread "jar transforms Thread 2"           [_thread_blocked, id=25340, stack(0x0000000b98a00000,0x0000000b98b00000) (1024K)]
  0x00000111fdef85b0 JavaThread "Cache worker for checksums cache (C:\Users\sayan\AndroidStudioProjects\GoQuiz\.gradle\8.13\checksums)"        [_thread_blocked, id=13156, stack(0x0000000b98c00000,0x0000000b98d00000) (1024K)]
  0x00000111fdef9ff0 JavaThread "Cache worker for file content cache (C:\Users\sayan\.gradle\caches\8.13\fileContent)"        [_thread_blocked, id=592, stack(0x0000000b98d00000,0x0000000b98e00000) (1024K)]
  0x00000111fdef7f20 JavaThread "jar transforms Thread 3"           [_thread_blocked, id=7876, stack(0x0000000b98b00000,0x0000000b98c00000) (1024K)]
Total: 34

Other Threads:
  0x00000111f646e530 VMThread "VM Thread"                           [id=10988, stack(0x0000000b96100000,0x0000000b96200000) (1024K)]
  0x00000111f6359ad0 WatcherThread "VM Periodic Task Thread"        [id=14564, stack(0x0000000b96000000,0x0000000b96100000) (1024K)]
  0x00000111de883cf0 WorkerThread "GC Thread#0"                     [id=19984, stack(0x0000000b95b00000,0x0000000b95c00000) (1024K)]
  0x00000111fb5fb670 WorkerThread "GC Thread#1"                     [id=24204, stack(0x0000000b96e00000,0x0000000b96f00000) (1024K)]
  0x00000111fb31bf50 WorkerThread "GC Thread#2"                     [id=31972, stack(0x0000000b96f00000,0x0000000b97000000) (1024K)]
  0x00000111fb56c200 WorkerThread "GC Thread#3"                     [id=2824, stack(0x0000000b97000000,0x0000000b97100000) (1024K)]
  0x00000111fb56c5a0 WorkerThread "GC Thread#4"                     [id=24668, stack(0x0000000b97100000,0x0000000b97200000) (1024K)]
  0x00000111fb56c940 WorkerThread "GC Thread#5"                     [id=25960, stack(0x0000000b97200000,0x0000000b97300000) (1024K)]
  0x00000111fb56cce0 WorkerThread "GC Thread#6"                     [id=8200, stack(0x0000000b97300000,0x0000000b97400000) (1024K)]
  0x00000111fb70dc80 WorkerThread "GC Thread#7"                     [id=17776, stack(0x0000000b97400000,0x0000000b97500000) (1024K)]
  0x00000111fcc40060 WorkerThread "GC Thread#8"                     [id=11236, stack(0x0000000b97e00000,0x0000000b97f00000) (1024K)]
  0x00000111fcc3f580 WorkerThread "GC Thread#9"                     [id=16028, stack(0x0000000b97f00000,0x0000000b98000000) (1024K)]
  0x00000111de894be0 ConcurrentGCThread "G1 Main Marker"            [id=25524, stack(0x0000000b95c00000,0x0000000b95d00000) (1024K)]
  0x00000111de896430 WorkerThread "G1 Conc#0"                       [id=20008, stack(0x0000000b95d00000,0x0000000b95e00000) (1024K)]
  0x00000111fcc3f920 WorkerThread "G1 Conc#1"                       [id=2448, stack(0x0000000b98000000,0x0000000b98100000) (1024K)]
  0x00000111fcc3fcc0 WorkerThread "G1 Conc#2"                       [id=4816, stack(0x0000000b98100000,0x0000000b98200000) (1024K)]
  0x00000111f62a3f80 ConcurrentGCThread "G1 Refine#0"               [id=24104, stack(0x0000000b95e00000,0x0000000b95f00000) (1024K)]
  0x00000111f62a4a00 ConcurrentGCThread "G1 Service"                [id=28704, stack(0x0000000b95f00000,0x0000000b96000000) (1024K)]
Total: 18

Threads with active compile tasks:
C2 CompilerThread0  10309 4441   !   4       java.util.regex.Pattern::RemoveQEQuoting (370 bytes)
C2 CompilerThread1  10309 4394       4       java.lang.ClassLoader::defineClass (43 bytes)
Total: 2

VM state: not at safepoint (normal execution)

VM Mutex/Monitor currently owned by a thread: None

Heap address: 0x0000000080000000, size: 2048 MB, Compressed Oops mode: 32-bit

CDS archive(s) not mapped
Compressed class space mapped at: 0x0000000100000000-0x0000000140000000, reserved size: 1073741824
Narrow klass base: 0x0000000000000000, Narrow klass shift: 3, Narrow klass range: 0x140000000

GC Precious Log:
 CardTable entry size: 512
 Card Set container configuration: InlinePtr #cards 5 size 8 Array Of Cards #cards 12 size 40 Howl #buckets 4 coarsen threshold 1843 Howl Bitmap #cards 512 size 80 coarsen threshold 460 Card regions per heap region 1 cards per card region 2048
 CPUs: 12 total, 12 available
 Memory: 23873M
 Large Page Support: Disabled
 NUMA Support: Disabled
 Compressed Oops: Enabled (32-bit)
 Heap Region Size: 1M
 Heap Min Capacity: 8M
 Heap Initial Capacity: 374M
 Heap Max Capacity: 2G
 Pre-touch: Disabled
 Parallel Workers: 10
 Concurrent Workers: 3
 Concurrent Refinement Workers: 10
 Periodic GC: Disabled

Heap:
 garbage-first heap   total 68608K, used 55020K [0x0000000080000000, 0x0000000100000000)
  region size 1024K, 20 young (20480K), 2 survivors (2048K)
 Metaspace       used 47887K, committed 48896K, reserved 1114112K
  class space    used 6504K, committed 6976K, reserved 1048576K

Heap Regions: E=young(eden), S=young(survivor), O=old, HS=humongous(starts), HC=humongous(continues), CS=collection set, F=free, TAMS=top-at-mark-start, PB=parsable bottom
|   0|0x0000000080000000, 0x0000000080100000, 0x0000000080100000|100%|HS|  |TAMS 0x0000000080000000| PB 0x0000000080000000| Complete 
|   1|0x0000000080100000, 0x0000000080200000, 0x0000000080200000|100%|HC|  |TAMS 0x0000000080100000| PB 0x0000000080100000| Complete 
|   2|0x0000000080200000, 0x0000000080300000, 0x0000000080300000|100%|HC|  |TAMS 0x0000000080200000| PB 0x0000000080200000| Complete 
|   3|0x0000000080300000, 0x0000000080400000, 0x0000000080400000|100%| O|  |TAMS 0x0000000080300000| PB 0x0000000080300000| Untracked 
|   4|0x0000000080400000, 0x0000000080500000, 0x0000000080500000|100%| O|  |TAMS 0x0000000080400000| PB 0x0000000080400000| Untracked 
|   5|0x0000000080500000, 0x0000000080600000, 0x0000000080600000|100%| O|  |TAMS 0x0000000080500000| PB 0x0000000080500000| Untracked 
|   6|0x0000000080600000, 0x0000000080700000, 0x0000000080700000|100%|HS|  |TAMS 0x0000000080600000| PB 0x0000000080600000| Complete 
|   7|0x0000000080700000, 0x0000000080800000, 0x0000000080800000|100%| O|  |TAMS 0x0000000080700000| PB 0x0000000080700000| Untracked 
|   8|0x0000000080800000, 0x0000000080900000, 0x0000000080900000|100%| O|  |TAMS 0x0000000080800000| PB 0x0000000080800000| Untracked 
|   9|0x0000000080900000, 0x0000000080a00000, 0x0000000080a00000|100%| O|  |TAMS 0x0000000080900000| PB 0x0000000080900000| Untracked 
|  10|0x0000000080a00000, 0x0000000080b00000, 0x0000000080b00000|100%| O|  |TAMS 0x0000000080a00000| PB 0x0000000080a00000| Untracked 
|  11|0x0000000080b00000, 0x0000000080c00000, 0x0000000080c00000|100%| O|  |TAMS 0x0000000080b00000| PB 0x0000000080b00000| Untracked 
|  12|0x0000000080c00000, 0x0000000080d00000, 0x0000000080d00000|100%| O|  |TAMS 0x0000000080c00000| PB 0x0000000080c00000| Untracked 
|  13|0x0000000080d00000, 0x0000000080e00000, 0x0000000080e00000|100%| O|  |TAMS 0x0000000080d00000| PB 0x0000000080d00000| Untracked 
|  14|0x0000000080e00000, 0x0000000080f00000, 0x0000000080f00000|100%| O|  |TAMS 0x0000000080e00000| PB 0x0000000080e00000| Untracked 
|  15|0x0000000080f00000, 0x0000000081000000, 0x0000000081000000|100%| O|  |TAMS 0x0000000080f00000| PB 0x0000000080f00000| Untracked 
|  16|0x0000000081000000, 0x0000000081100000, 0x0000000081100000|100%| O|  |TAMS 0x0000000081000000| PB 0x0000000081000000| Untracked 
|  17|0x0000000081100000, 0x0000000081200000, 0x0000000081200000|100%| O|  |TAMS 0x0000000081100000| PB 0x0000000081100000| Untracked 
|  18|0x0000000081200000, 0x0000000081300000, 0x0000000081300000|100%| O|  |TAMS 0x0000000081200000| PB 0x0000000081200000| Untracked 
|  19|0x0000000081300000, 0x0000000081400000, 0x0000000081400000|100%| O|Cm|TAMS 0x0000000081300000| PB 0x0000000081300000| Complete 
|  20|0x0000000081400000, 0x0000000081500000, 0x0000000081500000|100%|HS|  |TAMS 0x0000000081400000| PB 0x0000000081400000| Complete 
|  21|0x0000000081500000, 0x0000000081600000, 0x0000000081600000|100%| O|  |TAMS 0x0000000081500000| PB 0x0000000081500000| Untracked 
|  22|0x0000000081600000, 0x0000000081700000, 0x0000000081700000|100%| O|  |TAMS 0x0000000081600000| PB 0x0000000081600000| Untracked 
|  23|0x0000000081700000, 0x0000000081800000, 0x0000000081800000|100%| O|  |TAMS 0x0000000081700000| PB 0x0000000081700000| Untracked 
|  24|0x0000000081800000, 0x0000000081900000, 0x0000000081900000|100%| O|  |TAMS 0x0000000081800000| PB 0x0000000081800000| Untracked 
|  25|0x0000000081900000, 0x0000000081a00000, 0x0000000081a00000|100%| O|  |TAMS 0x0000000081900000| PB 0x0000000081900000| Untracked 
|  26|0x0000000081a00000, 0x0000000081b00000, 0x0000000081b00000|100%| O|  |TAMS 0x0000000081a00000| PB 0x0000000081a00000| Untracked 
|  27|0x0000000081b00000, 0x0000000081b27ed0, 0x0000000081c00000| 15%| O|  |TAMS 0x0000000081b00000| PB 0x0000000081b00000| Untracked 
|  28|0x0000000081c00000, 0x0000000081d00000, 0x0000000081d00000|100%|HS|  |TAMS 0x0000000081c00000| PB 0x0000000081c00000| Complete 
|  29|0x0000000081d00000, 0x0000000081e00000, 0x0000000081e00000|100%|HC|  |TAMS 0x0000000081d00000| PB 0x0000000081d00000| Complete 
|  30|0x0000000081e00000, 0x0000000081e00000, 0x0000000081f00000|  0%| F|  |TAMS 0x0000000081e00000| PB 0x0000000081e00000| Untracked 
|  31|0x0000000081f00000, 0x0000000082000000, 0x0000000082000000|100%| O|  |TAMS 0x0000000081f00000| PB 0x0000000081f00000| Untracked 
|  32|0x0000000082000000, 0x0000000082100000, 0x0000000082100000|100%| O|  |TAMS 0x0000000082000000| PB 0x0000000082000000| Untracked 
|  33|0x0000000082100000, 0x0000000082200000, 0x0000000082200000|100%| O|  |TAMS 0x0000000082100000| PB 0x0000000082100000| Untracked 
|  34|0x0000000082200000, 0x0000000082300000, 0x0000000082300000|100%| O|  |TAMS 0x0000000082200000| PB 0x0000000082200000| Untracked 
|  35|0x0000000082300000, 0x0000000082400000, 0x0000000082400000|100%|HS|  |TAMS 0x0000000082300000| PB 0x0000000082300000| Complete 
|  36|0x0000000082400000, 0x0000000082500000, 0x0000000082500000|100%|HC|  |TAMS 0x0000000082400000| PB 0x0000000082400000| Complete 
|  37|0x0000000082500000, 0x0000000082500000, 0x0000000082600000|  0%| F|  |TAMS 0x0000000082500000| PB 0x0000000082500000| Untracked 
|  38|0x0000000082600000, 0x0000000082600000, 0x0000000082700000|  0%| F|  |TAMS 0x0000000082600000| PB 0x0000000082600000| Untracked 
|  39|0x0000000082700000, 0x0000000082700000, 0x0000000082800000|  0%| F|  |TAMS 0x0000000082700000| PB 0x0000000082700000| Untracked 
|  40|0x0000000082800000, 0x0000000082800000, 0x0000000082900000|  0%| F|  |TAMS 0x0000000082800000| PB 0x0000000082800000| Untracked 
|  41|0x0000000082900000, 0x0000000082900000, 0x0000000082a00000|  0%| F|  |TAMS 0x0000000082900000| PB 0x0000000082900000| Untracked 
|  42|0x0000000082a00000, 0x0000000082a00000, 0x0000000082b00000|  0%| F|  |TAMS 0x0000000082a00000| PB 0x0000000082a00000| Untracked 
|  43|0x0000000082b00000, 0x0000000082b00000, 0x0000000082c00000|  0%| F|  |TAMS 0x0000000082b00000| PB 0x0000000082b00000| Untracked 
|  44|0x0000000082c00000, 0x0000000082c00000, 0x0000000082d00000|  0%| F|  |TAMS 0x0000000082c00000| PB 0x0000000082c00000| Untracked 
|  45|0x0000000082d00000, 0x0000000082d00000, 0x0000000082e00000|  0%| F|  |TAMS 0x0000000082d00000| PB 0x0000000082d00000| Untracked 
|  46|0x0000000082e00000, 0x0000000082e00000, 0x0000000082f00000|  0%| F|  |TAMS 0x0000000082e00000| PB 0x0000000082e00000| Untracked 
|  47|0x0000000082f00000, 0x0000000082fffe60, 0x0000000083000000| 99%| E|  |TAMS 0x0000000082f00000| PB 0x0000000082f00000| Complete 
|  48|0x0000000083000000, 0x0000000083100000, 0x0000000083100000|100%| E|CS|TAMS 0x0000000083000000| PB 0x0000000083000000| Complete 
|  49|0x0000000083100000, 0x0000000083200000, 0x0000000083200000|100%| E|CS|TAMS 0x0000000083100000| PB 0x0000000083100000| Complete 
|  50|0x0000000083200000, 0x0000000083300000, 0x0000000083300000|100%| E|CS|TAMS 0x0000000083200000| PB 0x0000000083200000| Complete 
|  51|0x0000000083300000, 0x0000000083400000, 0x0000000083400000|100%| E|CS|TAMS 0x0000000083300000| PB 0x0000000083300000| Complete 
|  52|0x0000000083400000, 0x00000000834931c0, 0x0000000083500000| 57%| S|CS|TAMS 0x0000000083400000| PB 0x0000000083400000| Complete 
|  53|0x0000000083500000, 0x0000000083600000, 0x0000000083600000|100%| S|CS|TAMS 0x0000000083500000| PB 0x0000000083500000| Complete 
|  54|0x0000000083600000, 0x0000000083700000, 0x0000000083700000|100%| E|CS|TAMS 0x0000000083600000| PB 0x0000000083600000| Complete 
|  55|0x0000000083700000, 0x0000000083800000, 0x0000000083800000|100%| E|CS|TAMS 0x0000000083700000| PB 0x0000000083700000| Complete 
|  56|0x0000000083800000, 0x0000000083900000, 0x0000000083900000|100%| E|CS|TAMS 0x0000000083800000| PB 0x0000000083800000| Complete 
|  57|0x0000000083900000, 0x0000000083a00000, 0x0000000083a00000|100%| E|CS|TAMS 0x0000000083900000| PB 0x0000000083900000| Complete 
| 341|0x0000000095500000, 0x0000000095600000, 0x0000000095600000|100%| E|CS|TAMS 0x0000000095500000| PB 0x0000000095500000| Complete 
| 342|0x0000000095600000, 0x00000000956ffff8, 0x0000000095700000| 99%| E|CS|TAMS 0x0000000095600000| PB 0x0000000095600000| Complete 
| 343|0x0000000095700000, 0x0000000095800000, 0x0000000095800000|100%| E|CS|TAMS 0x0000000095700000| PB 0x0000000095700000| Complete 
| 344|0x0000000095800000, 0x0000000095900000, 0x0000000095900000|100%| E|CS|TAMS 0x0000000095800000| PB 0x0000000095800000| Complete 
| 345|0x0000000095900000, 0x0000000095a00000, 0x0000000095a00000|100%| E|CS|TAMS 0x0000000095900000| PB 0x0000000095900000| Complete 
| 346|0x0000000095a00000, 0x0000000095b00000, 0x0000000095b00000|100%| E|CS|TAMS 0x0000000095a00000| PB 0x0000000095a00000| Complete 
| 347|0x0000000095b00000, 0x0000000095c00000, 0x0000000095c00000|100%| E|CS|TAMS 0x0000000095b00000| PB 0x0000000095b00000| Complete 
| 348|0x0000000095c00000, 0x0000000095d00000, 0x0000000095d00000|100%| E|CS|TAMS 0x0000000095c00000| PB 0x0000000095c00000| Complete 
| 373|0x0000000097500000, 0x0000000097600000, 0x0000000097600000|100%| E|CS|TAMS 0x0000000097500000| PB 0x0000000097500000| Complete 

Card table byte_map: [0x00000111f12d0000,0x00000111f16d0000] _byte_map_base: 0x00000111f0ed0000

Marking Bits: (CMBitMap*) 0x00000111de884300
 Bits: [0x00000111f16d0000, 0x00000111f36d0000)

Polling page: 0x00000111dc6f0000

Metaspace:

Usage:
  Non-class:     40.43 MB used.
      Class:      6.36 MB used.
       Both:     46.78 MB used.

Virtual space:
  Non-class space:       64.00 MB reserved,      41.00 MB ( 64%) committed,  1 nodes.
      Class space:        1.00 GB reserved,       6.81 MB ( <1%) committed,  1 nodes.
             Both:        1.06 GB reserved,      47.81 MB (  4%) committed. 

Chunk freelists:
   Non-Class:  6.97 MB
       Class:  9.04 MB
        Both:  16.01 MB

MaxMetaspaceSize: unlimited
CompressedClassSpaceSize: 1.00 GB
Initial GC threshold: 21.00 MB
Current GC threshold: 75.94 MB
CDS: off
 - commit_granule_bytes: 65536.
 - commit_granule_words: 8192.
 - virtual_space_node_default_size: 8388608.
 - enlarge_chunks_in_place: 1.
 - use_allocation_guard: 0.


Internal statistics:

num_allocs_failed_limit: 6.
num_arena_births: 1818.
num_arena_deaths: 0.
num_vsnodes_births: 2.
num_vsnodes_deaths: 0.
num_space_committed: 765.
num_space_uncommitted: 0.
num_chunks_returned_to_freelist: 6.
num_chunks_taken_from_freelist: 3447.
num_chunk_merges: 6.
num_chunk_splits: 2256.
num_chunks_enlarged: 1419.
num_inconsistent_stats: 0.

CodeHeap 'non-profiled nmethods': size=120000Kb used=2177Kb max_used=2177Kb free=117822Kb
 bounds [0x00000111e9450000, 0x00000111e96c0000, 0x00000111f0980000]
CodeHeap 'profiled nmethods': size=120000Kb used=7351Kb max_used=7436Kb free=112648Kb
 bounds [0x00000111e1980000, 0x00000111e20d0000, 0x00000111e8eb0000]
CodeHeap 'non-nmethods': size=5760Kb used=2658Kb max_used=2676Kb free=3101Kb
 bounds [0x00000111e8eb0000, 0x00000111e9160000, 0x00000111e9450000]
CodeCache: size=245760Kb, used=12186Kb, max_used=12289Kb, free=233571Kb
 total_blobs=4694, nmethods=3870, adapters=727, full_count=0
Compilation: enabled, stopped_count=0, restarted_count=0

Compilation events (20 events):
Event: 10.188 Thread 0x00000111f64d9120 nmethod 4429 0x00000111e1cfde90 code [0x00000111e1cfe020, 0x00000111e1cfe180]
Event: 10.188 Thread 0x00000111f64d9120 4430       3       org.objectweb.asm.MethodWriter::putMethodInfo (1274 bytes)
Event: 10.194 Thread 0x00000111f64fc2d0 nmethod 4401 0x00000111e9669e10 code [0x00000111e9669fc0, 0x00000111e966a370]
Event: 10.194 Thread 0x00000111f64fc2d0 4400       4       java.util.regex.Pattern$Start::match (90 bytes)
Event: 10.195 Thread 0x00000111f64d9120 nmethod 4430 0x00000111e1a58a10 code [0x00000111e1a59120, 0x00000111e1a5b708]
Event: 10.195 Thread 0x00000111f64d9120 4431       3       org.objectweb.asm.Handler::putExceptionTable (63 bytes)
Event: 10.196 Thread 0x00000111f64d9120 nmethod 4431 0x00000111e1d96390 code [0x00000111e1d965c0, 0x00000111e1d96a40]
Event: 10.196 Thread 0x00000111f64d9120 4425       3       org.objectweb.asm.MethodWriter::visitEnd (1 bytes)
Event: 10.196 Thread 0x00000111f64d9120 nmethod 4425 0x00000111e1b08c90 code [0x00000111e1b08e20, 0x00000111e1b08f28]
Event: 10.196 Thread 0x00000111f64d9120 4422       3       org.objectweb.asm.MethodWriter::visitMaxs (60 bytes)
Event: 10.196 Thread 0x00000111f64d9120 nmethod 4422 0x00000111e1f12190 code [0x00000111e1f12360, 0x00000111e1f12618]
Event: 10.196 Thread 0x00000111f64d9120 4427       1       org.gradle.internal.instantiation.generator.AbstractClassGenerator$PropertyMetadata::getOverridableSetters (5 bytes)
Event: 10.196 Thread 0x00000111f64d9120 nmethod 4427 0x00000111e95e9a10 code [0x00000111e95e9ba0, 0x00000111e95e9c68]
Event: 10.197 Thread 0x00000111f64fc2d0 nmethod 4400 0x00000111e95e9590 code [0x00000111e95e9720, 0x00000111e95e98c0]
Event: 10.197 Thread 0x00000111f64fc2d0 4417       4       org.gradle.internal.instantiation.generator.AbstractClassGenerator$ClassValidator::validateMethod (1 bytes)
Event: 10.198 Thread 0x00000111f64fc2d0 nmethod 4417 0x00000111e966a610 code [0x00000111e966a7a0, 0x00000111e966a828]
Event: 10.198 Thread 0x00000111f64fc2d0 4398       4       java.lang.ClassLoader::postDefineClass (39 bytes)
Event: 10.255 Thread 0x00000111f64fc2d0 nmethod 4398 0x00000111e966a910 code [0x00000111e966abe0, 0x00000111e966bf98]
Event: 10.255 Thread 0x00000111f64fc2d0 4434       4       java.lang.ReflectiveOperationException::<init> (7 bytes)
Event: 10.257 Thread 0x00000111f64d9120 4435       3       java.lang.invoke.MethodHandles$Lookup::getDirectConstructorNoSecurityManager (10 bytes)

GC Heap History (20 events):
Event: 0.983 GC heap before
{Heap before GC invocations=0 (full 0):
 garbage-first heap   total 382976K, used 22528K [0x0000000080000000, 0x0000000100000000)
  region size 1024K, 23 young (23552K), 0 survivors (0K)
 Metaspace       used 8106K, committed 8256K, reserved 1114112K
  class space    used 749K, committed 832K, reserved 1048576K
}
Event: 0.988 GC heap after
{Heap after GC invocations=1 (full 0):
 garbage-first heap   total 382976K, used 2328K [0x0000000080000000, 0x0000000100000000)
  region size 1024K, 3 young (3072K), 3 survivors (3072K)
 Metaspace       used 8106K, committed 8256K, reserved 1114112K
  class space    used 749K, committed 832K, reserved 1048576K
}
Event: 2.035 GC heap before
{Heap before GC invocations=1 (full 0):
 garbage-first heap   total 382976K, used 41240K [0x0000000080000000, 0x0000000100000000)
  region size 1024K, 39 young (39936K), 3 survivors (3072K)
 Metaspace       used 12352K, committed 12544K, reserved 1114112K
  class space    used 1349K, committed 1408K, reserved 1048576K
}
Event: 2.057 GC heap after
{Heap after GC invocations=2 (full 0):
 garbage-first heap   total 382976K, used 10964K [0x0000000080000000, 0x0000000100000000)
  region size 1024K, 5 young (5120K), 5 survivors (5120K)
 Metaspace       used 12352K, committed 12544K, reserved 1114112K
  class space    used 1349K, committed 1408K, reserved 1048576K
}
Event: 3.133 GC heap before
{Heap before GC invocations=2 (full 0):
 garbage-first heap   total 382976K, used 59092K [0x0000000080000000, 0x0000000100000000)
  region size 1024K, 50 young (51200K), 5 survivors (5120K)
 Metaspace       used 14294K, committed 14528K, reserved 1114112K
  class space    used 1635K, committed 1728K, reserved 1048576K
}
Event: 3.151 GC heap after
{Heap after GC invocations=3 (full 0):
 garbage-first heap   total 382976K, used 17092K [0x0000000080000000, 0x0000000100000000)
  region size 1024K, 6 young (6144K), 6 survivors (6144K)
 Metaspace       used 14294K, committed 14528K, reserved 1114112K
  class space    used 1635K, committed 1728K, reserved 1048576K
}
Event: 4.379 GC heap before
{Heap before GC invocations=3 (full 0):
 garbage-first heap   total 382976K, used 41668K [0x0000000080000000, 0x0000000100000000)
  region size 1024K, 31 young (31744K), 6 survivors (6144K)
 Metaspace       used 21229K, committed 21504K, reserved 1114112K
  class space    used 2539K, committed 2688K, reserved 1048576K
}
Event: 4.384 GC heap after
{Heap after GC invocations=4 (full 0):
 garbage-first heap   total 382976K, used 20082K [0x0000000080000000, 0x0000000100000000)
  region size 1024K, 8 young (8192K), 8 survivors (8192K)
 Metaspace       used 21229K, committed 21504K, reserved 1114112K
  class space    used 2539K, committed 2688K, reserved 1048576K
}
Event: 5.460 GC heap before
{Heap before GC invocations=5 (full 0):
 garbage-first heap   total 68608K, used 51826K [0x0000000080000000, 0x0000000100000000)
  region size 1024K, 40 young (40960K), 8 survivors (8192K)
 Metaspace       used 27049K, committed 27520K, reserved 1114112K
  class space    used 3442K, committed 3648K, reserved 1048576K
}
Event: 5.469 GC heap after
{Heap after GC invocations=6 (full 0):
 garbage-first heap   total 68608K, used 22012K [0x0000000080000000, 0x0000000100000000)
  region size 1024K, 2 young (2048K), 2 survivors (2048K)
 Metaspace       used 27049K, committed 27520K, reserved 1114112K
  class space    used 3442K, committed 3648K, reserved 1048576K
}
Event: 6.947 GC heap before
{Heap before GC invocations=6 (full 0):
 garbage-first heap   total 68608K, used 54780K [0x0000000080000000, 0x0000000100000000)
  region size 1024K, 34 young (34816K), 2 survivors (2048K)
 Metaspace       used 31420K, committed 32000K, reserved 1114112K
  class space    used 4232K, committed 4480K, reserved 1048576K
}
Event: 6.954 GC heap after
{Heap after GC invocations=7 (full 0):
 garbage-first heap   total 68608K, used 24703K [0x0000000080000000, 0x0000000100000000)
  region size 1024K, 5 young (5120K), 5 survivors (5120K)
 Metaspace       used 31420K, committed 32000K, reserved 1114112K
  class space    used 4232K, committed 4480K, reserved 1048576K
}
Event: 7.775 GC heap before
{Heap before GC invocations=7 (full 0):
 garbage-first heap   total 68608K, used 49279K [0x0000000080000000, 0x0000000100000000)
  region size 1024K, 31 young (31744K), 5 survivors (5120K)
 Metaspace       used 35220K, committed 35968K, reserved 1114112K
  class space    used 4880K, committed 5248K, reserved 1048576K
}
Event: 7.782 GC heap after
{Heap after GC invocations=8 (full 0):
 garbage-first heap   total 68608K, used 26485K [0x0000000080000000, 0x0000000100000000)
  region size 1024K, 5 young (5120K), 5 survivors (5120K)
 Metaspace       used 35220K, committed 35968K, reserved 1114112K
  class space    used 4880K, committed 5248K, reserved 1048576K
}
Event: 8.920 GC heap before
{Heap before GC invocations=9 (full 0):
 garbage-first heap   total 68608K, used 57205K [0x0000000080000000, 0x0000000100000000)
  region size 1024K, 36 young (36864K), 5 survivors (5120K)
 Metaspace       used 41745K, committed 42688K, reserved 1114112K
  class space    used 5768K, committed 6208K, reserved 1048576K
}
Event: 8.927 GC heap after
{Heap after GC invocations=10 (full 0):
 garbage-first heap   total 68608K, used 29451K [0x0000000080000000, 0x0000000100000000)
  region size 1024K, 5 young (5120K), 5 survivors (5120K)
 Metaspace       used 41745K, committed 42688K, reserved 1114112K
  class space    used 5768K, committed 6208K, reserved 1048576K
}
Event: 9.408 GC heap before
{Heap before GC invocations=10 (full 0):
 garbage-first heap   total 68608K, used 58123K [0x0000000080000000, 0x0000000100000000)
  region size 1024K, 33 young (33792K), 5 survivors (5120K)
 Metaspace       used 44013K, committed 44864K, reserved 1114112K
  class space    used 6014K, committed 6400K, reserved 1048576K
}
Event: 9.416 GC heap after
{Heap after GC invocations=11 (full 0):
 garbage-first heap   total 68608K, used 32372K [0x0000000080000000, 0x0000000100000000)
  region size 1024K, 4 young (4096K), 4 survivors (4096K)
 Metaspace       used 44013K, committed 44864K, reserved 1114112K
  class space    used 6014K, committed 6400K, reserved 1048576K
}
Event: 9.703 GC heap before
{Heap before GC invocations=11 (full 0):
 garbage-first heap   total 68608K, used 44660K [0x0000000080000000, 0x0000000100000000)
  region size 1024K, 17 young (17408K), 4 survivors (4096K)
 Metaspace       used 45075K, committed 46016K, reserved 1114112K
  class space    used 6169K, committed 6592K, reserved 1048576K
}
Event: 9.708 GC heap after
{Heap after GC invocations=12 (full 0):
 garbage-first heap   total 68608K, used 33516K [0x0000000080000000, 0x0000000100000000)
  region size 1024K, 2 young (2048K), 2 survivors (2048K)
 Metaspace       used 45075K, committed 46016K, reserved 1114112K
  class space    used 6169K, committed 6592K, reserved 1048576K
}

Dll operation events (3 events):
Event: 0.017 Loaded shared library C:\Program Files\Android\Android Studio\jbr\bin\java.dll
Event: 0.030 Loaded shared library C:\Program Files\Android\Android Studio\jbr\bin\zip.dll
Event: 1.127 Loaded shared library C:\Program Files\Android\Android Studio\jbr\bin\verify.dll

Deoptimization events (20 events):
Event: 10.134 Thread 0x00000111fcaf1e90 Uncommon trap: trap_request=0xffffffbe fr.pc=0x00000111e95f5360 relative=0x0000000000001000
Event: 10.134 Thread 0x00000111fcaf1e90 Uncommon trap: reason=profile_predicate action=maybe_recompile pc=0x00000111e95f5360 method=java.lang.invoke.InvokerBytecodeGenerator.<init>(Ljava/lang/String;Ljava/lang/String;Ljava/lang/invoke/LambdaForm;Ljava/lang/invoke/MethodType;)V @ 33 c2
Event: 10.134 Thread 0x00000111fcaf1e90 DEOPT PACKING pc=0x00000111e95f5360 sp=0x0000000b97af7be0
Event: 10.134 Thread 0x00000111fcaf1e90 DEOPT UNPACKING pc=0x00000111e8f046a2 sp=0x0000000b97af7b90 mode 2
Event: 10.135 Thread 0x00000111fcaf1e90 Uncommon trap: trap_request=0xffffffbe fr.pc=0x00000111e95f5360 relative=0x0000000000001000
Event: 10.135 Thread 0x00000111fcaf1e90 Uncommon trap: reason=profile_predicate action=maybe_recompile pc=0x00000111e95f5360 method=java.lang.invoke.InvokerBytecodeGenerator.<init>(Ljava/lang/String;Ljava/lang/String;Ljava/lang/invoke/LambdaForm;Ljava/lang/invoke/MethodType;)V @ 33 c2
Event: 10.135 Thread 0x00000111fcaf1e90 DEOPT PACKING pc=0x00000111e95f5360 sp=0x0000000b97af7ae0
Event: 10.135 Thread 0x00000111fcaf1e90 DEOPT UNPACKING pc=0x00000111e8f046a2 sp=0x0000000b97af7a90 mode 2
Event: 10.135 Thread 0x00000111fcaf1e90 Uncommon trap: trap_request=0xffffffbe fr.pc=0x00000111e95f5360 relative=0x0000000000001000
Event: 10.135 Thread 0x00000111fcaf1e90 Uncommon trap: reason=profile_predicate action=maybe_recompile pc=0x00000111e95f5360 method=java.lang.invoke.InvokerBytecodeGenerator.<init>(Ljava/lang/String;Ljava/lang/String;Ljava/lang/invoke/LambdaForm;Ljava/lang/invoke/MethodType;)V @ 33 c2
Event: 10.135 Thread 0x00000111fcaf1e90 DEOPT PACKING pc=0x00000111e95f5360 sp=0x0000000b97af7af0
Event: 10.135 Thread 0x00000111fcaf1e90 DEOPT UNPACKING pc=0x00000111e8f046a2 sp=0x0000000b97af7aa0 mode 2
Event: 10.135 Thread 0x00000111fcaf1e90 Uncommon trap: trap_request=0xffffffbe fr.pc=0x00000111e95f5360 relative=0x0000000000001000
Event: 10.135 Thread 0x00000111fcaf1e90 Uncommon trap: reason=profile_predicate action=maybe_recompile pc=0x00000111e95f5360 method=java.lang.invoke.InvokerBytecodeGenerator.<init>(Ljava/lang/String;Ljava/lang/String;Ljava/lang/invoke/LambdaForm;Ljava/lang/invoke/MethodType;)V @ 33 c2
Event: 10.135 Thread 0x00000111fcaf1e90 DEOPT PACKING pc=0x00000111e95f5360 sp=0x0000000b97af7ad0
Event: 10.135 Thread 0x00000111fcaf1e90 DEOPT UNPACKING pc=0x00000111e8f046a2 sp=0x0000000b97af7a80 mode 2
Event: 10.187 Thread 0x00000111fcaf1e90 Uncommon trap: trap_request=0xffffffde fr.pc=0x00000111e964a404 relative=0x0000000000002864
Event: 10.187 Thread 0x00000111fcaf1e90 Uncommon trap: reason=class_check action=maybe_recompile pc=0x00000111e964a404 method=java.util.regex.Pattern$CharProperty.study(Ljava/util/regex/Pattern$TreeInfo;)Z @ 25 c2
Event: 10.187 Thread 0x00000111fcaf1e90 DEOPT PACKING pc=0x00000111e964a404 sp=0x0000000b97af6b30
Event: 10.187 Thread 0x00000111fcaf1e90 DEOPT UNPACKING pc=0x00000111e8f046a2 sp=0x0000000b97af6a28 mode 2

Classes loaded (20 events):
Event: 9.833 Loading class com/sun/beans/finder/MethodFinder
Event: 9.833 Loading class com/sun/beans/finder/AbstractFinder
Event: 9.833 Loading class com/sun/beans/finder/AbstractFinder done
Event: 9.833 Loading class com/sun/beans/finder/MethodFinder done
Event: 9.833 Loading class com/sun/beans/finder/MethodFinder$1
Event: 9.834 Loading class com/sun/beans/finder/MethodFinder$1 done
Event: 9.834 Loading class com/sun/beans/finder/FinderUtils
Event: 9.834 Loading class com/sun/beans/finder/FinderUtils done
Event: 9.835 Loading class java/lang/invoke/BoundMethodHandle$Species_LJ
Event: 9.836 Loading class java/lang/invoke/BoundMethodHandle$Species_LJ done
Event: 9.924 Loading class java/util/function/IntBinaryOperator
Event: 9.924 Loading class java/util/function/IntBinaryOperator done
Event: 9.962 Loading class java/security/CodeSigner
Event: 9.962 Loading class java/security/CodeSigner done
Event: 10.069 Loading class java/lang/invoke/SerializedLambda
Event: 10.069 Loading class java/lang/invoke/SerializedLambda done
Event: 10.112 Loading class java/lang/SafeVarargs
Event: 10.113 Loading class java/lang/SafeVarargs done
Event: 10.186 Loading class java/util/regex/Pattern$GroupCurly
Event: 10.187 Loading class java/util/regex/Pattern$GroupCurly done

Classes unloaded (0 events):
No events

Classes redefined (0 events):
No events

Internal exceptions (20 events):
Event: 9.627 Thread 0x00000111fcaf1e90 Exception <a 'java/lang/NoSuchMethodError'{0x000000009559b098}: 'java.lang.Object java.lang.invoke.DirectMethodHandle$Holder.invokeSpecial(java.lang.Object, java.lang.Object, java.lang.Object, java.lang.Object, int)'> (0x000000009559b098) 
thrown [s\src\hotspot\share\interpreter\linkResolver.cpp, line 784]
Event: 9.656 Thread 0x00000111fcaf1e90 Exception <a 'java/lang/ClassNotFoundException'{0x00000000839fc738}: org/gradle/invocation/DefaultGradle_DecoratedBeanInfo> (0x00000000839fc738) 
thrown [s\src\hotspot\share\classfile\systemDictionary.cpp, line 312]
Event: 9.657 Thread 0x00000111fcaf1e90 Exception <a 'java/lang/ClassNotFoundException'{0x0000000083809db0}: org/gradle/invocation/DefaultGradleBeanInfo> (0x0000000083809db0) 
thrown [s\src\hotspot\share\classfile\systemDictionary.cpp, line 312]
Event: 9.658 Thread 0x00000111fcaf1e90 Exception <a 'java/lang/ClassNotFoundException'{0x00000000838176b0}: org/gradle/api/internal/project/AbstractPluginAwareBeanInfo> (0x00000000838176b0) 
thrown [s\src\hotspot\share\classfile\systemDictionary.cpp, line 312]
Event: 9.659 Thread 0x00000111fcaf1e90 Exception <a 'java/lang/ClassNotFoundException'{0x0000000083825000}: org/gradle/api/internal/project/AbstractPluginAwareCustomizer> (0x0000000083825000) 
thrown [s\src\hotspot\share\classfile\systemDictionary.cpp, line 312]
Event: 9.660 Thread 0x00000111fcaf1e90 Exception <a 'java/lang/ClassNotFoundException'{0x0000000083838fc0}: org/gradle/invocation/DefaultGradleCustomizer> (0x0000000083838fc0) 
thrown [s\src\hotspot\share\classfile\systemDictionary.cpp, line 312]
Event: 9.667 Thread 0x00000111fcaf1e90 Exception <a 'java/lang/ClassNotFoundException'{0x000000008387d608}: org/gradle/invocation/DefaultGradle_DecoratedCustomizer> (0x000000008387d608) 
thrown [s\src\hotspot\share\classfile\systemDictionary.cpp, line 312]
Event: 9.823 Thread 0x00000111fcaf1e90 Exception <a 'java/lang/ClassNotFoundException'{0x0000000095cda1c0}: groovy/lang/Closure$1BeanInfo> (0x0000000095cda1c0) 
thrown [s\src\hotspot\share\classfile\systemDictionary.cpp, line 312]
Event: 9.824 Thread 0x00000111fcaf1e90 Exception <a 'java/lang/ClassNotFoundException'{0x0000000095ce72e8}: groovy/lang/ClosureBeanInfo> (0x0000000095ce72e8) 
thrown [s\src\hotspot\share\classfile\systemDictionary.cpp, line 312]
Event: 9.825 Thread 0x00000111fcaf1e90 Exception <a 'java/lang/ClassNotFoundException'{0x0000000095cf4318}: groovy/lang/ClosureCustomizer> (0x0000000095cf4318) 
thrown [s\src\hotspot\share\classfile\systemDictionary.cpp, line 312]
Event: 9.832 Thread 0x00000111fcaf1e90 Exception <a 'java/lang/ClassNotFoundException'{0x0000000095b25668}: groovy/lang/Closure$1Customizer> (0x0000000095b25668) 
thrown [s\src\hotspot\share\classfile\systemDictionary.cpp, line 312]
Event: 9.895 Thread 0x00000111fcaf1e90 Exception <a 'java/lang/ClassNotFoundException'{0x0000000095ac6a88}: ijJvmDebugger1_a404f8mm1r49hrbzsqoe5xow2BeanInfo> (0x0000000095ac6a88) 
thrown [s\src\hotspot\share\classfile\systemDictionary.cpp, line 312]
Event: 9.896 Thread 0x00000111fcaf1e90 Exception <a 'java/lang/ClassNotFoundException'{0x0000000095accaf8}: ijJvmDebugger1_a404f8mm1r49hrbzsqoe5xow2Customizer> (0x0000000095accaf8) 
thrown [s\src\hotspot\share\classfile\systemDictionary.cpp, line 312]
Event: 9.910 Thread 0x00000111fcaf1e90 Exception <a 'java/lang/ClassNotFoundException'{0x0000000095922520}: org/gradle/internal/metaobject/ConfigureDelegateBeanInfo> (0x0000000095922520) 
thrown [s\src\hotspot\share\classfile\systemDictionary.cpp, line 312]
Event: 9.911 Thread 0x00000111fcaf1e90 Exception <a 'java/lang/ClassNotFoundException'{0x000000009592fd60}: org/gradle/internal/metaobject/ConfigureDelegateCustomizer> (0x000000009592fd60) 
thrown [s\src\hotspot\share\classfile\systemDictionary.cpp, line 312]
Event: 9.936 Thread 0x00000111fcaf1e90 Exception <a 'java/lang/ClassNotFoundException'{0x0000000095829828}: org/gradle/api/internal/initialization/DefaultScriptHandler_DecoratedBeanInfo> (0x0000000095829828) 
thrown [s\src\hotspot\share\classfile\systemDictionary.cpp, line 312]
Event: 9.936 Thread 0x00000111fcaf1e90 Exception <a 'java/lang/ClassNotFoundException'{0x0000000095838de8}: org/gradle/api/internal/initialization/DefaultScriptHandlerBeanInfo> (0x0000000095838de8) 
thrown [s\src\hotspot\share\classfile\systemDictionary.cpp, line 312]
Event: 9.937 Thread 0x00000111fcaf1e90 Exception <a 'java/lang/ClassNotFoundException'{0x0000000095848628}: org/gradle/api/internal/initialization/DefaultScriptHandlerCustomizer> (0x0000000095848628) 
thrown [s\src\hotspot\share\classfile\systemDictionary.cpp, line 312]
Event: 9.939 Thread 0x00000111fcaf1e90 Exception <a 'java/lang/ClassNotFoundException'{0x00000000958642b0}: org/gradle/api/internal/initialization/DefaultScriptHandler_DecoratedCustomizer> (0x00000000958642b0) 
thrown [s\src\hotspot\share\classfile\systemDictionary.cpp, line 312]
Event: 10.085 Thread 0x00000111fcaf1e90 Implicit null exception at 0x00000111e9563ebc to 0x00000111e95642e4

ZGC Phase Switch (0 events):
No events

VM Operations (20 events):
Event: 8.920 Executing VM operation: G1CollectForAllocation (G1 Evacuation Pause)
Event: 8.927 Executing VM operation: G1CollectForAllocation (G1 Evacuation Pause) done
Event: 8.963 Executing VM operation: HandshakeAllThreads (Deoptimize)
Event: 8.963 Executing VM operation: HandshakeAllThreads (Deoptimize) done
Event: 9.127 Executing VM operation: HandshakeAllThreads (Deoptimize)
Event: 9.127 Executing VM operation: HandshakeAllThreads (Deoptimize) done
Event: 9.135 Executing VM operation: HandshakeAllThreads (Deoptimize)
Event: 9.135 Executing VM operation: HandshakeAllThreads (Deoptimize) done
Event: 9.260 Executing VM operation: HandshakeAllThreads (Deoptimize)
Event: 9.260 Executing VM operation: HandshakeAllThreads (Deoptimize) done
Event: 9.408 Executing VM operation: G1CollectForAllocation (G1 Evacuation Pause)
Event: 9.416 Executing VM operation: G1CollectForAllocation (G1 Evacuation Pause) done
Event: 9.703 Executing VM operation: G1TryInitiateConcMark (G1 Humongous Allocation)
Event: 9.708 Executing VM operation: G1TryInitiateConcMark (G1 Humongous Allocation) done
Event: 9.735 Executing VM operation: G1PauseRemark
Event: 9.751 Executing VM operation: G1PauseRemark done
Event: 9.760 Executing VM operation: G1PauseCleanup
Event: 9.760 Executing VM operation: G1PauseCleanup done
Event: 10.090 Executing VM operation: HandshakeAllThreads (Deoptimize)
Event: 10.090 Executing VM operation: HandshakeAllThreads (Deoptimize) done

Memory protections (0 events):
No events

Nmethod flushes (20 events):
Event: 9.750 Thread 0x00000111f646e530 flushing  nmethod 0x00000111e1cfc310
Event: 9.750 Thread 0x00000111f646e530 flushing  nmethod 0x00000111e1cfc690
Event: 9.750 Thread 0x00000111f646e530 flushing  nmethod 0x00000111e1cfde90
Event: 9.750 Thread 0x00000111f646e530 flushing  nmethod 0x00000111e1cffd90
Event: 9.750 Thread 0x00000111f646e530 flushing  nmethod 0x00000111e1d3d590
Event: 9.750 Thread 0x00000111f646e530 flushing  nmethod 0x00000111e1d3f190
Event: 9.750 Thread 0x00000111f646e530 flushing  nmethod 0x00000111e1a90c90
Event: 9.750 Thread 0x00000111f646e530 flushing  nmethod 0x00000111e1a95a90
Event: 9.750 Thread 0x00000111f646e530 flushing  nmethod 0x00000111e1a9aa10
Event: 9.750 Thread 0x00000111f646e530 flushing  nmethod 0x00000111e1b08c90
Event: 9.750 Thread 0x00000111f646e530 flushing  nmethod 0x00000111e1b55090
Event: 9.750 Thread 0x00000111f646e530 flushing  nmethod 0x00000111e1b55a90
Event: 9.750 Thread 0x00000111f646e530 flushing  nmethod 0x00000111e1b58310
Event: 9.750 Thread 0x00000111f646e530 flushing  nmethod 0x00000111e1b5b990
Event: 9.750 Thread 0x00000111f646e530 flushing  nmethod 0x00000111e1c50190
Event: 9.750 Thread 0x00000111f646e530 flushing  nmethod 0x00000111e1cc8090
Event: 9.750 Thread 0x00000111f646e530 flushing  nmethod 0x00000111e1d1b890
Event: 9.750 Thread 0x00000111f646e530 flushing  nmethod 0x00000111e1deca90
Event: 9.750 Thread 0x00000111f646e530 flushing  nmethod 0x00000111e1e55790
Event: 9.750 Thread 0x00000111f646e530 flushing  nmethod 0x00000111e1f11790

Events (20 events):
Event: 5.080 Thread 0x00000111fcaf1e90 Thread added: 0x00000111fcb8fde0
Event: 5.135 Thread 0x00000111fcaf1e90 Thread added: 0x00000111fcb8cff0
Event: 5.148 Thread 0x00000111f64d9120 Thread added: 0x00000111fce32020
Event: 5.966 Thread 0x00000111fce32020 Thread exited: 0x00000111fce32020
Event: 6.175 Thread 0x00000111f64d9120 Thread added: 0x00000111fe48d920
Event: 6.856 Thread 0x00000111f64d9120 Thread added: 0x00000111800c9ec0
Event: 7.250 Thread 0x00000111fcaf1e90 Thread added: 0x00000111fcb8c960
Event: 7.278 Thread 0x00000111fcaf1e90 Thread added: 0x00000111fcb8dd10
Event: 7.645 Thread 0x00000111fcaf1e90 Thread added: 0x00000111fdefa680
Event: 7.654 Thread 0x00000111fcaf1e90 Thread added: 0x00000111fdef7890
Event: 7.658 Thread 0x00000111800c9ec0 Thread exited: 0x00000111800c9ec0
Event: 8.157 Thread 0x00000111fcaf1e90 Thread added: 0x00000111fdef8c40
Event: 8.232 Thread 0x00000111fcaf1e90 Thread added: 0x00000111fdef92d0
Event: 8.569 Thread 0x00000111f64d9120 Thread added: 0x00000111fdf0c050
Event: 9.130 Thread 0x00000111fdf0c050 Thread exited: 0x00000111fdf0c050
Event: 9.418 Thread 0x00000111f64d9120 Thread added: 0x00000111fdf0c050
Event: 9.532 Thread 0x00000111fcaf1e90 Thread added: 0x00000111fdef85b0
Event: 9.578 Thread 0x00000111fcaf1e90 Thread added: 0x00000111fdef9ff0
Event: 9.812 Thread 0x00000111fdf0c050 Thread exited: 0x00000111fdf0c050
Event: 9.881 Thread 0x00000111fcaf1e90 Thread added: 0x00000111fdef7f20


Dynamic libraries:
0x00007ff66e700000 - 0x00007ff66e70a000 	C:\Program Files\Android\Android Studio\jbr\bin\java.exe
0x00007ffde1da0000 - 0x00007ffde2008000 	C:\WINDOWS\SYSTEM32\ntdll.dll
0x00007ffde1290000 - 0x00007ffde1359000 	C:\WINDOWS\System32\KERNEL32.DLL
0x00007ffddf740000 - 0x00007ffddfb31000 	C:\WINDOWS\System32\KERNELBASE.dll
0x00007ffdded80000 - 0x00007ffddeecb000 	C:\WINDOWS\System32\ucrtbase.dll
0x00007ffda6360000 - 0x00007ffda6378000 	C:\Program Files\Android\Android Studio\jbr\bin\jli.dll
0x00007ffdd11b0000 - 0x00007ffdd11cb000 	C:\Program Files\Android\Android Studio\jbr\bin\VCRUNTIME140.dll
0x00007ffde19e0000 - 0x00007ffde1ba6000 	C:\WINDOWS\System32\USER32.dll
0x00007ffdb22e0000 - 0x00007ffdb2573000 	C:\WINDOWS\WinSxS\amd64_microsoft.windows.common-controls_6595b64144ccf1df_6.0.26100.7824_none_3e0870b2e3345462\COMCTL32.dll
0x00007ffdde680000 - 0x00007ffdde6a7000 	C:\WINDOWS\System32\win32u.dll
0x00007ffde0640000 - 0x00007ffde06e9000 	C:\WINDOWS\System32\msvcrt.dll
0x00007ffde0e20000 - 0x00007ffde0e4b000 	C:\WINDOWS\System32\GDI32.dll
0x00007ffdde990000 - 0x00007ffddeabb000 	C:\WINDOWS\System32\gdi32full.dll
0x00007ffddeb50000 - 0x00007ffddebf3000 	C:\WINDOWS\System32\msvcp_win.dll
0x00007ffde1030000 - 0x00007ffde1061000 	C:\WINDOWS\System32\IMM32.DLL
0x00007ffdd95c0000 - 0x00007ffdd95cc000 	C:\Program Files\Android\Android Studio\jbr\bin\vcruntime140_1.dll
0x00007ffd71b40000 - 0x00007ffd71bcd000 	C:\Program Files\Android\Android Studio\jbr\bin\msvcp140.dll
0x00007ffd65530000 - 0x00007ffd661c6000 	C:\Program Files\Android\Android Studio\jbr\bin\server\jvm.dll
0x00007ffde0d10000 - 0x00007ffde0dc4000 	C:\WINDOWS\System32\ADVAPI32.dll
0x00007ffde1070000 - 0x00007ffde1116000 	C:\WINDOWS\System32\sechost.dll
0x00007ffde0f10000 - 0x00007ffde1028000 	C:\WINDOWS\System32\RPCRT4.dll
0x00007ffde0ab0000 - 0x00007ffde0b24000 	C:\WINDOWS\System32\WS2_32.dll
0x00007ffdde4e0000 - 0x00007ffdde53e000 	C:\WINDOWS\SYSTEM32\POWRPROF.dll
0x00007ffdd64c0000 - 0x00007ffdd64f5000 	C:\WINDOWS\SYSTEM32\WINMM.dll
0x00007ffdd7550000 - 0x00007ffdd755b000 	C:\WINDOWS\SYSTEM32\VERSION.dll
0x00007ffdde4c0000 - 0x00007ffdde4d4000 	C:\WINDOWS\SYSTEM32\UMPDC.dll
0x00007ffddd420000 - 0x00007ffddd43b000 	C:\WINDOWS\SYSTEM32\kernel.appcore.dll
0x00007ffdd1970000 - 0x00007ffdd197a000 	C:\Program Files\Android\Android Studio\jbr\bin\jimage.dll
0x00007ffdd01e0000 - 0x00007ffdd0422000 	C:\WINDOWS\SYSTEM32\DBGHELP.DLL
0x00007ffddfb40000 - 0x00007ffddfec6000 	C:\WINDOWS\System32\combase.dll
0x00007ffde0b30000 - 0x00007ffde0c07000 	C:\WINDOWS\System32\OLEAUT32.dll
0x00007ffdbed50000 - 0x00007ffdbed8b000 	C:\WINDOWS\SYSTEM32\dbgcore.DLL
0x00007ffdde8e0000 - 0x00007ffdde985000 	C:\WINDOWS\System32\bcryptPrimitives.dll
0x00007ffdba700000 - 0x00007ffdba70e000 	C:\Program Files\Android\Android Studio\jbr\bin\instrument.dll
0x00007ffdd1190000 - 0x00007ffdd11b0000 	C:\Program Files\Android\Android Studio\jbr\bin\java.dll
0x00007ffdd1170000 - 0x00007ffdd1188000 	C:\Program Files\Android\Android Studio\jbr\bin\zip.dll
0x00007ffddfee0000 - 0x00007ffde0632000 	C:\WINDOWS\System32\SHELL32.dll
0x00007ffdde770000 - 0x00007ffdde8da000 	C:\WINDOWS\System32\wintypes.dll
0x00007ffddeed0000 - 0x00007ffddf733000 	C:\WINDOWS\System32\windows.storage.dll
0x00007ffde17f0000 - 0x00007ffde18e6000 	C:\WINDOWS\System32\SHCORE.dll
0x00007ffde0710000 - 0x00007ffde0777000 	C:\WINDOWS\System32\shlwapi.dll
0x00007ffdde5a0000 - 0x00007ffdde5c9000 	C:\WINDOWS\SYSTEM32\profapi.dll
0x00007ffdd1160000 - 0x00007ffdd1170000 	C:\Program Files\Android\Android Studio\jbr\bin\net.dll
0x00007ffdd6b70000 - 0x00007ffdd6c97000 	C:\WINDOWS\SYSTEM32\WINHTTP.dll
0x00007ffddd990000 - 0x00007ffddd9fb000 	C:\WINDOWS\system32\mswsock.dll
0x00007ffdc8270000 - 0x00007ffdc8286000 	C:\Program Files\Android\Android Studio\jbr\bin\nio.dll
0x00007ffdc7ea0000 - 0x00007ffdc7eb0000 	C:\Program Files\Android\Android Studio\jbr\bin\verify.dll
0x00007ffd7a400000 - 0x00007ffd7a427000 	C:\Users\sayan\.gradle\native\1def1411415f61bf3af743bc5b6707747c0891f09f0c88961ee8f79bc544acac\windows-amd64\native-platform.dll
0x00007ffd7fe90000 - 0x00007ffd7ff08000 	C:\Users\sayan\.gradle\native\0.2.7\x86_64-windows-gnu\gradle-fileevents.dll
0x00007ffdc8260000 - 0x00007ffdc8269000 	C:\Program Files\Android\Android Studio\jbr\bin\management.dll
0x00007ffdc81f0000 - 0x00007ffdc81fb000 	C:\Program Files\Android\Android Studio\jbr\bin\management_ext.dll
0x00007ffde1bb0000 - 0x00007ffde1bb8000 	C:\WINDOWS\System32\PSAPI.DLL
0x00007ffddce00000 - 0x00007ffddce34000 	C:\WINDOWS\SYSTEM32\IPHLPAPI.DLL
0x00007ffde08c0000 - 0x00007ffde08ca000 	C:\WINDOWS\System32\NSI.dll
0x00007ffdc8320000 - 0x00007ffdc8329000 	C:\Program Files\Android\Android Studio\jbr\bin\extnet.dll
0x00007ffdddc60000 - 0x00007ffdddc7b000 	C:\WINDOWS\SYSTEM32\CRYPTSP.dll
0x00007ffddd380000 - 0x00007ffddd3b9000 	C:\WINDOWS\system32\rsaenh.dll
0x00007ffddda40000 - 0x00007ffddda6b000 	C:\WINDOWS\SYSTEM32\USERENV.dll
0x00007ffdde570000 - 0x00007ffdde59a000 	C:\WINDOWS\SYSTEM32\bcrypt.dll
0x00007ffdddc80000 - 0x00007ffdddc8c000 	C:\WINDOWS\SYSTEM32\CRYPTBASE.dll
0x00007ffdd8610000 - 0x00007ffdd8618000 	C:\WINDOWS\system32\wshunix.dll

JVMTI agents:
C:\Users\sayan\.gradle\wrapper\dists\gradle-8.13-bin\5xuhj0ry160q40clulazy9h7d\gradle-8.13\lib\agents\gradle-instrumentation-agent-8.13.jar path:C:\Program Files\Android\Android Studio\jbr\bin\instrument.dll, loaded, initialized, instrumentlib options:none

dbghelp: loaded successfully - version: 4.0.5 - missing functions: none
symbol engine: initialized successfully - sym options: 0x614 - pdb path: .;C:\Program Files\Android\Android Studio\jbr\bin;C:\WINDOWS\SYSTEM32;C:\WINDOWS\WinSxS\amd64_microsoft.windows.common-controls_6595b64144ccf1df_6.0.26100.7824_none_3e0870b2e3345462;C:\Program Files\Android\Android Studio\jbr\bin\server;C:\Users\sayan\.gradle\native\1def1411415f61bf3af743bc5b6707747c0891f09f0c88961ee8f79bc544acac\windows-amd64;C:\Users\sayan\.gradle\native\0.2.7\x86_64-windows-gnu

VM Arguments:
jvm_args: --add-opens=java.base/java.lang=ALL-UNNAMED --add-opens=java.base/java.lang.invoke=ALL-UNNAMED --add-opens=java.base/java.util=ALL-UNNAMED --add-opens=java.prefs/java.util.prefs=ALL-UNNAMED --add-exports=jdk.compiler/com.sun.tools.javac.api=ALL-UNNAMED --add-exports=jdk.compiler/com.sun.tools.javac.util=ALL-UNNAMED --add-opens=java.base/java.util=ALL-UNNAMED --add-opens=java.prefs/java.util.prefs=ALL-UNNAMED --add-opens=java.base/java.nio.charset=ALL-UNNAMED --add-opens=java.base/java.net=ALL-UNNAMED --add-opens=java.base/java.util.concurrent.atomic=ALL-UNNAMED --add-opens=java.xml/javax.xml.namespace=ALL-UNNAMED -Xmx2048m -Dfile.encoding=UTF-8 -Duser.country=IN -Duser.language=en -Duser.variant -javaagent:C:\Users\sayan\.gradle\wrapper\dists\gradle-8.13-bin\5xuhj0ry160q40clulazy9h7d\gradle-8.13\lib\agents\gradle-instrumentation-agent-8.13.jar 
java_command: org.gradle.launcher.daemon.bootstrap.GradleDaemon 8.13
java_class_path (initial): C:\Users\sayan\.gradle\wrapper\dists\gradle-8.13-bin\5xuhj0ry160q40clulazy9h7d\gradle-8.13\lib\gradle-daemon-main-8.13.jar
Launcher Type: SUN_STANDARD

[Global flags]
     intx CICompilerCount                          = 4                                         {product} {ergonomic}
     uint ConcGCThreads                            = 3                                         {product} {ergonomic}
     uint G1ConcRefinementThreads                  = 10                                        {product} {ergonomic}
   size_t G1HeapRegionSize                         = 1048576                                   {product} {ergonomic}
    uintx GCDrainStackTargetSize                   = 64                                        {product} {ergonomic}
   size_t InitialHeapSize                          = 392167424                                 {product} {ergonomic}
   size_t MarkStackSize                            = 4194304                                   {product} {ergonomic}
   size_t MaxHeapSize                              = 2147483648                                {product} {command line}
   size_t MaxNewSize                               = 1287651328                                {product} {ergonomic}
   size_t MinHeapDeltaBytes                        = 1048576                                   {product} {ergonomic}
   size_t MinHeapSize                              = 8388608                                   {product} {ergonomic}
    uintx NonNMethodCodeHeapSize                   = 5839372                                {pd product} {ergonomic}
    uintx NonProfiledCodeHeapSize                  = 122909434                              {pd product} {ergonomic}
    uintx ProfiledCodeHeapSize                     = 122909434                              {pd product} {ergonomic}
    uintx ReservedCodeCacheSize                    = 251658240                              {pd product} {ergonomic}
     bool SegmentedCodeCache                       = true                                      {product} {ergonomic}
   size_t SoftMaxHeapSize                          = 2147483648                             {manageable} {ergonomic}
     bool UseCompressedOops                        = true                           {product lp64_product} {ergonomic}
     bool UseG1GC                                  = true                                      {product} {ergonomic}
     bool UseLargePagesIndividualAllocation        = false                                  {pd product} {ergonomic}

Logging:
Log output configuration:
 #0: stdout all=warning uptime,level,tags foldmultilines=false
 #1: stderr all=off uptime,level,tags foldmultilines=false

Environment Variables:
PATH=C:\Program Files\Common Files\Oracle\Java\javapath;C:\Python314\Scripts\;C:\Python314\;C:\Program Files (x86)\Common Files\Intel\Shared Libraries\redist\intel64\compiler;C:\WINDOWS\system32;C:\WINDOWS;C:\WINDOWS\System32\Wbem;C:\WINDOWS\System32\WindowsPowerShell\v1.0\;C:\WINDOWS\System32\OpenSSH\;C:\MinGW\bin;C:\Program Files\nodejs\;C:\ProgramData\chocolatey\bin;C:\Program Files\Docker\Docker\resources\bin;C:\Program Files (x86)\Microsoft SQL Server\170\Tools\Binn\;C:\Program Files\Microsoft SQL Server\170\Tools\Binn\;C:\Program Files\Microsoft SQL Server\Client SDK\ODBC\180\Tools\Binn\;C:\Program Files\Microsoft SQL Server\170\DTS\Binn\;C:\Program Files\Cloudflare\Cloudflare WARP\;C:\Program Files\Java\jdk-25.0.2\bin;C:\Program Files\WireGuard\;C:\Users\sayan\AppData\Local\Microsoft\WindowsApps;C:\Users\sayan\AppData\Local\Programs\Microsoft VS Code\bin;C:\Users\sayan\AppData\Roaming\npm;C:\Users\sayan\AppData\Local\Programs\Azure Data Studio\bin;C:\Program Files\JetBrains\IntelliJ IDEA 2025.3.2\bin;C:\Users\sayan\AppData\Local\PowerToys\DSCModules\
USERNAME=sayan
OS=Windows_NT
PROCESSOR_IDENTIFIER=AMD64 Family 25 Model 80 Stepping 0, AuthenticAMD
TMP=C:\Users\sayan\AppData\Local\Temp
TEMP=C:\Users\sayan\AppData\Local\Temp




Periodic native trim disabled

JNI global refs:
JNI global refs: 26, weak refs: 3

JNI global refs memory usage: 835, weak refs: 833

Process memory usage:
Resident Set Size: 245508K (1% of 24446004K total physical memory with 4057248K free physical memory)

OOME stack traces (most recent first):
Classloader memory used:
Loader org.gradle.internal.classloader.VisitableURLClassLoader                         : 23020K
Loader bootstrap                                                                       : 20752K
Loader org.gradle.initialization.MixInLegacyTypesClassLoader                           : 3417K
Loader jdk.internal.loader.ClassLoaders$PlatformClassLoader                            : 519K
Loader jdk.internal.loader.ClassLoaders$AppClassLoader                                 : 236K
Loader org.gradle.groovy.scripts.internal.DefaultScriptCompilationHandler$ScriptClassLoader: 36040B
Loader org.codehaus.groovy.runtime.callsite.CallSiteClassLoader                        : 7232B

Classes loaded by more than one classloader:
Class org.gradle.internal.classloader.FilteringClassLoader                            : loaded 2 times (x 105B)
Class org.gradle.internal.classloader.ClassLoaderHierarchy                            : loaded 2 times (x 70B)
Class org.gradle.api.internal.classpath.ManifestUtil                                  : loaded 2 times (x 71B)
Class org.gradle.internal.classloader.DefaultClassLoaderFactory                       : loaded 2 times (x 82B)
Class org.gradle.internal.classloader.ClassLoaderVisitor                              : loaded 2 times (x 76B)
Class org.gradle.api.internal.classpath.EffectiveClassPath                            : loaded 2 times (x 90B)
Class org.gradle.api.internal.DefaultClassPathProvider                                : loaded 2 times (x 76B)
Class [Lorg.gradle.api.internal.ClassPathProvider;                                    : loaded 2 times (x 69B)
Class org.gradle.api.internal.ClassPathProvider                                       : loaded 2 times (x 70B)
Class org.gradle.internal.service.UnknownServiceException                             : loaded 2 times (x 83B)
Class org.gradle.internal.classpath.TransformedClassPath                              : loaded 2 times (x 96B)
Class org.gradle.internal.classloader.InstrumentingClassLoader                        : loaded 2 times (x 70B)
Class org.gradle.internal.service.ServiceLocator                                      : loaded 2 times (x 70B)
Class org.gradle.internal.InternalTransformer                                         : loaded 2 times (x 70B)
Class org.gradle.internal.classloader.ClasspathUtil$1                                 : loaded 2 times (x 76B)
Class org.gradle.api.internal.classpath.DefaultModuleRegistry$DefaultModule           : loaded 2 times (x 86B)
Class org.gradle.api.internal.classpath.Module                                        : loaded 2 times (x 70B)
Class org.gradle.api.internal.classpath.UnknownModuleException                        : loaded 2 times (x 82B)
Class org.gradle.api.internal.DefaultClassPathRegistry                                : loaded 2 times (x 76B)
Class org.gradle.api.internal.ClassPathRegistry                                       : loaded 2 times (x 70B)
Class org.gradle.internal.classpath.DefaultClassPath$ImmutableUniqueList              : loaded 2 times (x 199B)
Class org.gradle.internal.classpath.ClassPath                                         : loaded 2 times (x 70B)
Class org.gradle.api.UncheckedIOException                                             : loaded 2 times (x 82B)
Class org.gradle.internal.installation.GradleInstallation$1                           : loaded 2 times (x 75B)
Class org.gradle.api.internal.classpath.ModuleRegistry                                : loaded 2 times (x 70B)
Class org.gradle.api.internal.classpath.DefaultModuleRegistry                         : loaded 2 times (x 86B)
Class org.gradle.internal.service.ServiceLookupException                              : loaded 2 times (x 82B)
Class org.gradle.internal.classloader.ClassLoaderFactory                              : loaded 2 times (x 70B)
Class org.gradle.internal.service.CachingServiceLocator                               : loaded 2 times (x 82B)
Class org.gradle.internal.classloader.ClasspathUtil                                   : loaded 2 times (x 71B)
Class org.gradle.api.specs.Spec                                                       : loaded 2 times (x 70B)
Class org.gradle.internal.classloader.VisitableURLClassLoader$InstrumentingVisitableURLClassLoader: loaded 2 times (x 123B)
Class org.gradle.internal.classloader.VisitableURLClassLoader$Spec                    : loaded 2 times (x 74B)
Class org.gradle.internal.classpath.DefaultClassPath                                  : loaded 2 times (x 90B)
Class org.gradle.internal.classloader.ClassLoaderSpec                                 : loaded 2 times (x 71B)
Class org.gradle.internal.classloader.VisitableURLClassLoader                         : loaded 2 times (x 117B)
Class org.gradle.internal.Cast                                                        : loaded 2 times (x 71B)
Class org.gradle.api.Action                                                           : loaded 2 times (x 70B)
Class org.gradle.internal.classpath.DefaultClassPath$ImmutableUniqueList$Builder      : loaded 2 times (x 75B)
Class org.gradle.api.GradleException                                                  : loaded 2 times (x 82B)
Class org.gradle.internal.IoActions                                                   : loaded 2 times (x 71B)
Class org.gradle.internal.classloader.SystemClassLoaderSpec                           : loaded 2 times (x 71B)
Class org.gradle.api.internal.classpath.GlobalCacheRootsProvider                      : loaded 2 times (x 70B)
Class org.gradle.internal.installation.CurrentGradleInstallationLocator               : loaded 2 times (x 71B)
Class org.gradle.internal.service.DefaultServiceLocator                               : loaded 2 times (x 83B)
Class org.gradle.internal.installation.CurrentGradleInstallation                      : loaded 2 times (x 73B)
Class org.gradle.util.internal.GUtil                                                  : loaded 2 times (x 71B)
Class org.gradle.internal.installation.GradleInstallation                             : loaded 2 times (x 75B)

---------------  S Y S T E M  ---------------

OS:
 Windows 11 , 64 bit Build 26100 (10.0.26100.7705)
OS uptime: 10 days 15:52 hours
Hyper-V role detected

CPU: total 12 (initial active 12) (12 cores per cpu, 2 threads per core) family 25 model 80 stepping 0 microcode 0xa500014, cx8, cmov, fxsr, ht, mmx, 3dnowpref, sse, sse2, sse3, ssse3, sse4a, sse4.1, sse4.2, popcnt, lzcnt, tsc, tscinvbit, avx, avx2, aes, erms, clmul, bmi1, bmi2, adx, sha, fma, vzeroupper, clflush, clflushopt, hv, rdtscp, rdpid, fsrm, f16c, cet_ss
Processor Information for the first 12 processors :
  Max Mhz: 2000, Current Mhz: 1890, Mhz Limit: 2000

Memory: 4k page, system-wide physical 23873M (3967M free)
TotalPageFile size 29255M (AvailPageFile size 17M)
current process WorkingSet (physical memory assigned to process): 239M, peak: 239M
current process commit charge ("private bytes"): 275M, peak: 508M

vm_info: OpenJDK 64-Bit Server VM (21.0.8+-14196175-b1038.72) for windows-amd64 JRE (21.0.8+-14196175-b1038.72), built on 2025-10-01T10:24:33Z by "builder" with MS VC++ 16.10 / 16.11 (VS2019)

END.
